SF:lib/src/accessible_rich_text.dart
DA:7,1
DA:8,1
DA:9,1
DA:10,3
DA:14,1
DA:60,1
DA:61,1
DA:68,1
DA:70,1
DA:71,2
DA:73,1
DA:74,1
DA:76,2
DA:80,1
DA:81,1
DA:82,2
DA:86,1
DA:88,1
DA:89,2
DA:91,1
DA:94,1
DA:95,2
DA:97,2
DA:98,1
DA:99,1
DA:100,3
DA:102,2
DA:107,1
DA:109,1
DA:111,2
DA:113,1
DA:115,2
DA:116,2
DA:117,2
DA:118,2
DA:119,2
DA:120,2
DA:121,2
DA:122,2
DA:123,2
DA:124,2
DA:125,2
DA:126,2
DA:127,2
DA:128,2
LF:45
LH:45
end_of_record
SF:lib/src/focusable_text_span_builder.dart
DA:8,2
DA:9,2
DA:11,2
DA:12,4
DA:13,2
DA:17,2
DA:24,2
DA:25,2
DA:27,2
DA:28,4
DA:29,4
DA:32,2
DA:33,4
DA:34,4
DA:37,2
DA:38,2
DA:39,2
DA:40,2
DA:41,2
DA:43,2
DA:44,2
DA:45,0
DA:49,2
DA:50,0
DA:54,2
DA:55,4
DA:57,2
DA:67,4
DA:68,4
DA:69,2
DA:70,4
DA:72,2
DA:75,2
DA:76,2
DA:78,2
DA:79,1
DA:80,2
DA:81,2
DA:82,2
DA:83,2
DA:84,2
DA:85,2
DA:86,2
DA:87,2
DA:91,2
LF:45
LH:43
end_of_record
